<?xml version="1.0" encoding="UTF-8"?>
<testng-results skipped="0" failed="0" ignored="0" total="1" passed="1">
  <reporter-output>
  </reporter-output>
  <suite name="Suite" duration-ms="9558" started-at="2019-07-31T10:35:07Z" finished-at="2019-07-31T10:35:17Z">
    <groups>
    </groups>
    <test name="Test" duration-ms="9558" started-at="2019-07-31T10:35:07Z" finished-at="2019-07-31T10:35:17Z">
      <class name="testscripts.logintestcase">
        <test-method status="PASS" signature="startsession()[pri:0, instance:testscripts.logintestcase@3f3afe78]" name="startsession" is-config="true" duration-ms="8869" started-at="2019-07-31T16:05:07Z" finished-at="2019-07-31T16:05:16Z">
          <reporter-output>
          </reporter-output>
        </test-method> <!-- startsession -->
        <test-method status="PASS" signature="veri(java.lang.String, java.lang.String)[pri:0, instance:testscripts.logintestcase@3f3afe78]" name="veri" duration-ms="218" started-at="2019-07-31T16:05:17Z" data-provider="getexcel" finished-at="2019-07-31T16:05:17Z">
          <params>
            <param index="0">
              <value>
                <![CDATA[demouser]]>
              </value>
            </param>
            <param index="1">
              <value>
                <![CDATA[Abc@12345]]>
              </value>
            </param>
          </params>
          <reporter-output>
          </reporter-output>
        </test-method> <!-- veri -->
      </class> <!-- testscripts.logintestcase -->
    </test> <!-- Test -->
  </suite> <!-- Suite -->
</testng-results>
