<?xml version="1.0" encoding="UTF-8"?>
<testng-results skipped="0" failed="0" total="1" passed="1">
  <reporter-output>
  </reporter-output>
  <suite name="Default suite" duration-ms="8386" started-at="2019-07-31T10:16:57Z" finished-at="2019-07-31T10:17:05Z">
    <groups>
    </groups>
    <test name="Default test" duration-ms="8386" started-at="2019-07-31T10:16:57Z" finished-at="2019-07-31T10:17:05Z">
      <class name="testscripts.logintestcase">
        <test-method status="PASS" signature="startsession()[pri:0, instance:testscripts.logintestcase@343f4d3d]" name="startsession" is-config="true" duration-ms="7712" started-at="2019-07-31T15:46:57Z" finished-at="2019-07-31T15:47:05Z">
          <reporter-output>
          </reporter-output>
        </test-method> <!-- startsession -->
        <test-method status="PASS" signature="veri(java.lang.String, java.lang.String)[pri:0, instance:testscripts.logintestcase@343f4d3d]" name="veri" duration-ms="210" started-at="2019-07-31T15:47:05Z" data-provider="getexcel" finished-at="2019-07-31T15:47:05Z">
          <params>
            <param index="0">
              <value>
                <![CDATA[demouser]]>
              </value>
            </param>
            <param index="1">
              <value>
                <![CDATA[Abc@12345]]>
              </value>
            </param>
          </params>
          <reporter-output>
          </reporter-output>
        </test-method> <!-- veri -->
      </class> <!-- testscripts.logintestcase -->
    </test> <!-- Default test -->
  </suite> <!-- Default suite -->
</testng-results>
